<?xml version="1.0" encoding="UTF-8"?>
<!-- Generated by org.testng.reporters.JUnitReportReporter -->
<testsuite hostname="DESKTOP-IP7TE20" failures="0" tests="2" name="day43.AnnotationsDemo2" time="0.018" errors="0" timestamp="2024-11-13T17:35:46 IST" skipped="0">
  <testcase classname="day43.AnnotationsDemo2" name="search" time="0.009"/>
  <system-out/>
  <testcase classname="day43.AnnotationsDemo2" name="Adsearch" time="0.009"/>
  <system-out/>
</testsuite> <!-- day43.AnnotationsDemo2 -->
