<?xml version="1.0" encoding="UTF-8"?>
<!-- Generated by org.testng.reporters.JUnitReportReporter -->
<testsuite hostname="DESKTOP-IP7TE20" failures="0" tests="3" name="day44.SignUp" time="0.030" errors="0" timestamp="2024-11-13T18:24:45 IST" skipped="0">
  <testcase classname="day44.SignUp" name="signUpByFacebook" time="0.025"/>
  <system-out/>
  <testcase classname="day44.SignUp" name="signUpByByEmail" time="0.003"/>
  <system-out/>
  <testcase classname="day44.SignUp" name="signUpByByTwitter" time="0.002"/>
  <system-out/>
</testsuite> <!-- day44.SignUp -->
