<?xml version="1.0" encoding="UTF-8"?>
<!-- Generated by org.testng.reporters.JUnitReportReporter -->
<testsuite hostname="DESKTOP-IP7TE20" failures="0" tests="5" name="day44.DependencyMethod" time="0.052" errors="0" timestamp="2024-11-13T18:03:14 IST" skipped="0">
  <testcase classname="day44.DependencyMethod" name="openapp" time="0.037"/>
  <system-out/>
  <testcase classname="day44.DependencyMethod" name="login" time="0.003"/>
  <system-out/>
  <testcase classname="day44.DependencyMethod" name="search" time="0.003"/>
  <system-out/>
  <testcase classname="day44.DependencyMethod" name="adSearch" time="0.003"/>
  <system-out/>
  <testcase classname="day44.DependencyMethod" name="logout" time="0.006"/>
  <system-out/>
</testsuite> <!-- day44.DependencyMethod -->
