<?xml version="1.0" encoding="UTF-8"?>
<!-- Generated by org.testng.reporters.JUnitReportReporter -->
<testsuite hostname="DESKTOP-IP7TE20" failures="0" tests="4" name="selfPractice.Data_Driven_Testing" time="206.637" errors="0" timestamp="2024-11-25T14:13:30 IST" skipped="0">
  <testcase classname="selfPractice.Data_Driven_Testing" name="testWebsite" time="43.691"/>
  <system-out/>
  <testcase classname="selfPractice.Data_Driven_Testing" name="testWebsite" time="40.737"/>
  <system-out/>
  <testcase classname="selfPractice.Data_Driven_Testing" name="testWebsite" time="83.219"/>
  <system-out/>
  <testcase classname="selfPractice.Data_Driven_Testing" name="testWebsite" time="38.990"/>
  <system-out/>
</testsuite> <!-- selfPractice.Data_Driven_Testing -->
