<?xml version="1.0" encoding="UTF-8"?>
<!-- Generated by org.testng.reporters.JUnitReportReporter -->
<testsuite hostname="DESKTOP-IP7TE20" failures="0" tests="2" name="day45.ParameterTest" time="15.546" errors="0" timestamp="2024-11-13T22:07:05 IST" skipped="0">
  <testcase classname="day45.ParameterTest" name="testLogin" time="7.677"/>
  <system-out/>
  <testcase classname="day45.ParameterTest" name="testLogin" time="7.869"/>
  <system-out/>
</testsuite> <!-- day45.ParameterTest -->
