<?xml version="1.0" encoding="UTF-8"?>
<!-- Generated by org.testng.reporters.JUnitReportReporter -->
<testsuite hostname="DESKTOP-IP7TE20" failures="0" tests="2" name="day44.PaymentinDollars" time="0.030" errors="0" timestamp="2024-11-13T18:28:01 IST" skipped="0">
  <testcase classname="day44.PaymentinDollars" name="paymentinRupees" time="0.024"/>
  <system-out/>
  <testcase classname="day44.PaymentinDollars" name="paymentinDollar" time="0.006"/>
  <system-out/>
</testsuite> <!-- day44.PaymentinDollars -->
