<?xml version="1.0" encoding="UTF-8"?>
<!-- Generated by org.testng.reporters.JUnitReportReporter -->
<testsuite hostname="DESKTOP-IP7TE20" failures="0" tests="3" name="day44.LoginTest" time="0.029" errors="0" timestamp="2024-11-13T18:21:30 IST" skipped="0">
  <testcase classname="day44.LoginTest" name="loginByFacebook" time="0.014"/>
  <system-out/>
  <testcase classname="day44.LoginTest" name="loginByEmail" time="0.008"/>
  <system-out/>
  <testcase classname="day44.LoginTest" name="loginByTwitter" time="0.007"/>
  <system-out/>
</testsuite> <!-- day44.LoginTest -->
