<?xml version="1.0" encoding="UTF-8"?>
<!-- Generated by org.testng.reporters.JUnitReportReporter -->
<testsuite hostname="DESKTOP-IP7TE20" failures="0" tests="1" name="day47.LoginTest" time="2.382" errors="0" timestamp="2024-11-14T18:46:36 IST" skipped="0">
  <testcase classname="day47.LoginTest" name="testLogin" time="2.382"/>
  <system-out/>
</testsuite> <!-- day47.LoginTest -->
