<?xml version="1.0" encoding="UTF-8"?>
<!-- Generated by org.testng.reporters.JUnitReportReporter -->
<testsuite hostname="DESKTOP-IP7TE20" failures="0" tests="2" name="day43.AnnotationsDemo1" time="0.042" errors="0" timestamp="2024-11-13T17:35:46 IST" skipped="0">
  <testcase classname="day43.AnnotationsDemo1" name="search" time="0.025"/>
  <system-out/>
  <testcase classname="day43.AnnotationsDemo1" name="Adsearch" time="0.017"/>
  <system-out/>
</testsuite> <!-- day43.AnnotationsDemo1 -->
