<?xml version="1.0" encoding="UTF-8"?>
<!-- Generated by org.testng.reporters.JUnitReportReporter -->
<testsuite hostname="DESKTOP-IP7TE20" failures="0" tests="1" name="day46.OrangeHRM" time="4.579" errors="0" timestamp="2024-11-14T17:46:59 IST" skipped="0">
  <testcase classname="day46.OrangeHRM" name="testLogin" time="4.579"/>
  <system-out/>
</testsuite> <!-- day46.OrangeHRM -->
