<?xml version="1.0" encoding="UTF-8"?>
<!-- Generated by org.testng.reporters.JUnitReportReporter -->
<testsuite hostname="DESKTOP-IP7TE20" failures="0" tests="6" name="day42.OrangeHRMTest" time="22.501" errors="0" timestamp="2024-11-12T21:58:05 IST" skipped="0">
  <testcase classname="day42.OrangeHRMTest" name="setup" time="8.212"/>
  <system-out/>
  <testcase classname="day42.OrangeHRMTest" name="openapp" time="3.625"/>
  <system-out/>
  <testcase classname="day42.OrangeHRMTest" name="Loginapp" time="2.474"/>
  <system-out/>
  <testcase classname="day42.OrangeHRMTest" name="logoutapp" time="4.100"/>
  <system-out/>
  <testcase classname="day42.OrangeHRMTest" name="closeapp" time="3.098"/>
  <system-out/>
  <testcase classname="day42.OrangeHRMTest" name="tearDown" time="0.992"/>
  <system-out/>
</testsuite> <!-- day42.OrangeHRMTest -->
